Using pre-set license
Built from '2020.3/release' branch; Version is '2020.3.12f1 (b3b2c6512326) revision 11776710'; Using compiler version '192528614'; Build Type 'Release'
OS: 'Windows 7  (6.1.0) 64bit' Language: 'zh' Physical Memory: 8156 MB
BatchMode: 1, IsHumanControllingUs: 0, StartBugReporterOnCrash: 0, Is64bit: 1, IsPro: 0

 COMMAND LINE ARGUMENTS:
C:\Program Files\Unity\Hub\Editor\2020.3.12f1\Editor\Unity.exe
-adb2
-batchMode
-noUpm
-name
AssetImportWorker0
-projectPath
E:/github/class/2021_08_07_Unity_Game2D-main/3Dclass
-logFile
Logs/AssetImportWorker0.log
-srvPort
60421
Successfully changed project path to: E:/github/class/2021_08_07_Unity_Game2D-main/3Dclass
E:/github/class/2021_08_07_Unity_Game2D-main/3Dclass
Using Asset Import Pipeline V2.
Refreshing native plugins compatible for Editor in 37.69 ms, found 2 plugins.
Preloading 0 native plugins for Editor in 0.00 ms.
Initialize engine version: 2020.3.12f1 (b3b2c6512326)
[Subsystems] Discovering subsystems at path C:/Program Files/Unity/Hub/Editor/2020.3.12f1/Editor/Data/Resources/UnitySubsystems
[Subsystems] Discovering subsystems at path E:/github/class/2021_08_07_Unity_Game2D-main/3Dclass/Assets
GfxDevice: creating device client; threaded=0
d3d11: CreateDXGIFactory2(...) not found, fallbacking to CreateDXGIFactory1(...).
d3d11: QueryInterface(IDXGIFactory5) failed (80004002).
Direct3D:
    Version:  Direct3D 11.0 [level 11.0]
    Renderer: NVIDIA GeForce GTX 950 (ID=0x1402)
    Vendor:   
    VRAM:     1970 MB
    Driver:   10.18.13.5582
Initialize mono
Mono path[0] = 'C:/Program Files/Unity/Hub/Editor/2020.3.12f1/Editor/Data/Managed'
Mono path[1] = 'C:/Program Files/Unity/Hub/Editor/2020.3.12f1/Editor/Data/MonoBleedingEdge/lib/mono/unityjit'
Mono config path = 'C:/Program Files/Unity/Hub/Editor/2020.3.12f1/Editor/Data/MonoBleedingEdge/etc'
Using monoOptions --debugger-agent=transport=dt_socket,embedding=1,server=y,suspend=n,address=127.0.0.1:56592
Begin MonoManager ReloadAssembly
Registering precompiled unity dll's ...
Register platform support module: C:/Program Files/Unity/Hub/Editor/2020.3.12f1/Editor/Data/PlaybackEngines/WebGLSupport/UnityEditor.WebGL.Extensions.dll
Register platform support module: C:/Program Files/Unity/Hub/Editor/2020.3.12f1/Editor/Data/PlaybackEngines/WindowsStandaloneSupport/UnityEditor.WindowsStandalone.Extensions.dll
Registered in 0.001333 seconds.
Native extension for WindowsStandalone target not found
Native extension for WebGL target not found
Refreshing native plugins compatible for Editor in 39.60 ms, found 2 plugins.
Preloading 0 native plugins for Editor in 0.00 ms.
Mono: successfully reloaded assembly
- Completed reload, in  1.064 seconds
Platform modules already initialized, skipping
Registering precompiled user dll's ...
Registered in 0.001698 seconds.
Begin MonoManager ReloadAssembly
Native extension for WindowsStandalone target not found
Native extension for WebGL target not found
Refreshing native plugins compatible for Editor in 0.39 ms, found 2 plugins.
Preloading 0 native plugins for Editor in 0.00 ms.
Mono: successfully reloaded assembly
- Completed reload, in  1.024 seconds
Platform modules already initialized, skipping
========================================================================
Worker process is ready to serve import requests
Launched and connected shader compiler UnityShaderCompiler.exe after 0.02 seconds
Refreshing native plugins compatible for Editor in 0.42 ms, found 2 plugins.
Preloading 0 native plugins for Editor in 0.00 ms.
Unloading 1408 Unused Serialized files (Serialized files now loaded: 0)
System memory in use before: 79.6 MB.
System memory in use after: 79.6 MB.

Unloading 19 unused Assets to reduce memory usage. Loaded Objects now: 1864.
Total: 2.350801 ms (FindLiveObjects: 0.413828 ms CreateObjectMapping: 0.108429 ms MarkObjects: 1.749306 ms  DeleteObjects: 0.074104 ms)

AssetImportParameters requested are different than current active one (requested -> active):
  custom:framework-win-MediaFoundation: 216162199b28c13a410421893ffa2e32 -> 
  custom:video-decoder-ogg-theora: a1e56fd34408186e4bbccfd4996cb3dc -> 
  custom:container-muxer-webm: aa71ff27fc2769a1b78a27578f13a17b -> 
  custom:container-demuxer-webm: 4f35f7cbe854078d1ac9338744f61a02 -> 
  custom:container-demuxer-ogg: 62fdf1f143b41e24485cea50d1cbac27 -> 
  custom:video-encoder-webm-vp8: eb34c28f22e8b96e1ab97ce403110664 -> 
  custom:video-decoder-webm-vp8: 9c59270c3fd7afecdb556c50c9e8de78 -> 
  custom:audio-decoder-ogg-vorbis: bf7c407c2cedff20999df2af8eb42d56 -> 
  custom:audio-encoder-webm-vorbis: bf7c407c2cedff20999df2af8eb42d56 -> 
========================================================================
Received Import Request.
  path: Assets/Adventure_Character/Mesh/Punching.fbx
  artifactKey: Guid(fb95e1f244dc755498901a2b1727c49e) Importer(815301076,1909f56bfc062723c751e8b465ee728b)
Start importing Assets/Adventure_Character/Mesh/Punching.fbx using Guid(fb95e1f244dc755498901a2b1727c49e) Importer(815301076,1909f56bfc062723c751e8b465ee728b)  -> (artifact id: '4d7e576391fcff0d5c4a6b4f658aec85') in 0.353073 seconds 
  Import took 0.359995 seconds .

========================================================================
Received Import Request.
  Time since last request: 0.000418 seconds.
  path: Assets/Adventure_Character/Mesh/Combo Punch.fbx
  artifactKey: Guid(a9ba3265e395e6341bbf1c702672e367) Importer(815301076,1909f56bfc062723c751e8b465ee728b)
Start importing Assets/Adventure_Character/Mesh/Combo Punch.fbx using Guid(a9ba3265e395e6341bbf1c702672e367) Importer(815301076,1909f56bfc062723c751e8b465ee728b)  -> (artifact id: '1a2cce74c30d4cb69ba15c0eda836ca0') in 0.195804 seconds 
  Import took 0.203115 seconds .

========================================================================
Received Import Request.
  Time since last request: 0.000354 seconds.
  path: Assets/Adventure_Character/Mesh/Punch Combo.fbx
  artifactKey: Guid(8455f6c4e3416ef4aad2c24e16ac3c58) Importer(815301076,1909f56bfc062723c751e8b465ee728b)
Start importing Assets/Adventure_Character/Mesh/Punch Combo.fbx using Guid(8455f6c4e3416ef4aad2c24e16ac3c58) Importer(815301076,1909f56bfc062723c751e8b465ee728b)  -> (artifact id: 'c232eabc8bfdd7420eb4c1c4bccd2b18') in 0.176538 seconds 
  Import took 0.184371 seconds .

========================================================================
Received Prepare
Registering precompiled user dll's ...
Registered in 0.001603 seconds.
Begin MonoManager ReloadAssembly
Native extension for WindowsStandalone target not found
Native extension for WebGL target not found
Refreshing native plugins compatible for Editor in 0.63 ms, found 2 plugins.
Preloading 0 native plugins for Editor in 0.00 ms.
Mono: successfully reloaded assembly
- Completed reload, in  0.944 seconds
Platform modules already initialized, skipping
Refreshing native plugins compatible for Editor in 0.39 ms, found 2 plugins.
Preloading 0 native plugins for Editor in 0.00 ms.
Unloading 1403 Unused Serialized files (Serialized files now loaded: 0)
System memory in use before: 96.7 MB.
System memory in use after: 96.7 MB.

Unloading 14 unused Assets to reduce memory usage. Loaded Objects now: 1911.
Total: 2.117581 ms (FindLiveObjects: 0.190553 ms CreateObjectMapping: 0.049082 ms MarkObjects: 1.792293 ms  DeleteObjects: 0.085011 ms)

AssetImportParameters requested are different than current active one (requested -> active):
  custom:framework-win-MediaFoundation: 216162199b28c13a410421893ffa2e32 -> 
  custom:video-decoder-ogg-theora: a1e56fd34408186e4bbccfd4996cb3dc -> 
  custom:container-muxer-webm: aa71ff27fc2769a1b78a27578f13a17b -> 
  custom:container-demuxer-webm: 4f35f7cbe854078d1ac9338744f61a02 -> 
  custom:container-demuxer-ogg: 62fdf1f143b41e24485cea50d1cbac27 -> 
  custom:video-encoder-webm-vp8: eb34c28f22e8b96e1ab97ce403110664 -> 
  custom:video-decoder-webm-vp8: 9c59270c3fd7afecdb556c50c9e8de78 -> 
  custom:audio-decoder-ogg-vorbis: bf7c407c2cedff20999df2af8eb42d56 -> 
  custom:audio-encoder-webm-vorbis: bf7c407c2cedff20999df2af8eb42d56 -> 
========================================================================
Received Import Request.
  Time since last request: 432.051336 seconds.
  path: Assets/動畫/Combo Punch.fbx
  artifactKey: Guid(a9ba3265e395e6341bbf1c702672e367) Importer(815301076,1909f56bfc062723c751e8b465ee728b)
Start importing Assets/動畫/Combo Punch.fbx using Guid(a9ba3265e395e6341bbf1c702672e367) Importer(815301076,1909f56bfc062723c751e8b465ee728b)  -> (artifact id: '6f973ed8d78f87f6226456a0932da5fc') in 0.277893 seconds 
  Import took 0.286334 seconds .

========================================================================
Received Import Request.
  Time since last request: 4.592764 seconds.
  path: Assets/動畫/Punch Combo.fbx
  artifactKey: Guid(8455f6c4e3416ef4aad2c24e16ac3c58) Importer(815301076,1909f56bfc062723c751e8b465ee728b)
Start importing Assets/動畫/Punch Combo.fbx using Guid(8455f6c4e3416ef4aad2c24e16ac3c58) Importer(815301076,1909f56bfc062723c751e8b465ee728b)  -> (artifact id: '2ac5954d058dbc90589af7165d2fbf42') in 0.211546 seconds 
  Import took 0.219211 seconds .

========================================================================
Received Import Request.
  Time since last request: 4.881181 seconds.
  path: Assets/動畫/Punching.fbx
  artifactKey: Guid(fb95e1f244dc755498901a2b1727c49e) Importer(815301076,1909f56bfc062723c751e8b465ee728b)
Start importing Assets/動畫/Punching.fbx using Guid(fb95e1f244dc755498901a2b1727c49e) Importer(815301076,1909f56bfc062723c751e8b465ee728b)  -> (artifact id: 'b49f6c7097a7c3973982b6be462ad512') in 0.215272 seconds 
  Import took 0.222204 seconds .

========================================================================
Received Import Request.
  Time since last request: 58.258489 seconds.
  path: Assets/動畫/Combo Punch.fbx
  artifactKey: Guid(a9ba3265e395e6341bbf1c702672e367) Importer(815301076,1909f56bfc062723c751e8b465ee728b)
Start importing Assets/動畫/Combo Punch.fbx using Guid(a9ba3265e395e6341bbf1c702672e367) Importer(815301076,1909f56bfc062723c751e8b465ee728b)  -> (artifact id: '3b668bcfcb4980b9b775df31d4067932') in 0.223613 seconds 
  Import took 0.231313 seconds .

========================================================================
Received Import Request.
  Time since last request: 12.716789 seconds.
  path: Assets/動畫/Punch Combo.fbx
  artifactKey: Guid(8455f6c4e3416ef4aad2c24e16ac3c58) Importer(815301076,1909f56bfc062723c751e8b465ee728b)
Start importing Assets/動畫/Punch Combo.fbx using Guid(8455f6c4e3416ef4aad2c24e16ac3c58) Importer(815301076,1909f56bfc062723c751e8b465ee728b)  -> (artifact id: '73fe51f2b0ba02607e010f1fae9dfa24') in 0.185485 seconds 
  Import took 0.192500 seconds .

========================================================================
Received Import Request.
  Time since last request: 7.749973 seconds.
  path: Assets/動畫/Punching.fbx
  artifactKey: Guid(fb95e1f244dc755498901a2b1727c49e) Importer(815301076,1909f56bfc062723c751e8b465ee728b)
Start importing Assets/動畫/Punching.fbx using Guid(fb95e1f244dc755498901a2b1727c49e) Importer(815301076,1909f56bfc062723c751e8b465ee728b)  -> (artifact id: '3f239a0ca5699d714157fca3fd75ba1c') in 0.181019 seconds 
  Import took 0.188314 seconds .

========================================================================
Received Import Request.
  Time since last request: 1295.508927 seconds.
  path: Assets/動畫
  artifactKey: Guid(103fa888b1c41d541a6aba3cee285c0d) Importer(815301076,1909f56bfc062723c751e8b465ee728b)
Start importing Assets/動畫 using Guid(103fa888b1c41d541a6aba3cee285c0d) Importer(815301076,1909f56bfc062723c751e8b465ee728b)  -> (artifact id: '9cc46c873dc5d31444a0f7b63c3af5fe') in 0.001090 seconds 
  Import took 0.004633 seconds .

========================================================================
Received Import Request.
  Time since last request: 14.755600 seconds.
  path: Assets/Invector-3rdPersonController_LITE/Animator/Invector@BasicLocomotion.controller
  artifactKey: Guid(cbd1db45c75e5b948a5befe9ecb80421) Importer(815301076,1909f56bfc062723c751e8b465ee728b)
Start importing Assets/Invector-3rdPersonController_LITE/Animator/Invector@BasicLocomotion.controller using Guid(cbd1db45c75e5b948a5befe9ecb80421) Importer(815301076,1909f56bfc062723c751e8b465ee728b)  -> (artifact id: 'bef9eea5bc1ce28c4a4ec7db2ef3a864') in 0.037248 seconds 
  Import took 0.041559 seconds .

AssetImportWorkerClient::OnTransportError - code=2 error=End of file
